# JRE version: OpenJDK Runtime Environment Zulu17.50+19-CA (17.0.11+9) (build 17.0.11+9-LTS)
# Java VM: OpenJDK 64-Bit Server VM Zulu17.50+19-CA (17.0.11+9-LTS, mixed mode, sharing, tiered, compressed oops, compressed class ptrs, g1 gc, linux-amd64)
GC Precious Log:
 CPUs: 24 total, 24 available
 Memory: 31242M
 Large Page Support: Disabled
 NUMA Support: Disabled
 Compressed Oops: Enabled (Zero based)
 Heap Region Size: 4M
 Heap Min Capacity: 8M
 Heap Initial Capacity: 492M
 Heap Max Capacity: 7812M
 Pre-touch: Disabled
 Parallel Workers: 18
 Concurrent Workers: 5
 Concurrent Refinement Workers: 18
 Periodic GC: Disabled
Heap:
 garbage-first heap   total 614400K, used 274204K [0x0000000617c00000, 0x0000000800000000)
  region size 4096K, 42 young (172032K), 8 survivors (32768K)
 Metaspace       used 19788K, committed 20032K, reserved 1114112K
  class space    used 2177K, committed 2304K, reserved 1048576K
GC Heap History (16 events):
Event: 24.398 GC heap before
{Heap before GC invocations=0 (full 0):
 garbage-first heap   total 512000K, used 36792K [0x0000000617c00000, 0x0000000800000000)
  region size 4096K, 6 young (24576K), 0 survivors (0K)
 Metaspace       used 9086K, committed 9216K, reserved 1114112K
  class space    used 963K, committed 1024K, reserved 1048576K
}
Event: 24.400 GC heap after
{Heap after GC invocations=1 (full 0):
 garbage-first heap   total 512000K, used 8372K [0x0000000617c00000, 0x0000000800000000)
  region size 4096K, 1 young (4096K), 1 survivors (4096K)
 Metaspace       used 9086K, committed 9216K, reserved 1114112K
  class space    used 963K, committed 1024K, reserved 1048576K
}
Event: 83.704 GC heap before
{Heap before GC invocations=1 (full 0):
 garbage-first heap   total 512000K, used 73908K [0x0000000617c00000, 0x0000000800000000)
  region size 4096K, 7 young (28672K), 1 survivors (4096K)
 Metaspace       used 9338K, committed 9472K, reserved 1114112K
  class space    used 968K, committed 1024K, reserved 1048576K
}
Event: 83.705 GC heap after
{Heap after GC invocations=2 (full 0):
 garbage-first heap   total 512000K, used 9052K [0x0000000617c00000, 0x0000000800000000)
  region size 4096K, 1 young (4096K), 1 survivors (4096K)
 Metaspace       used 9338K, committed 9472K, reserved 1114112K
  class space    used 968K, committed 1024K, reserved 1048576K
}
Event: 121.603 GC heap before
{Heap before GC invocations=2 (full 0):
 garbage-first heap   total 512000K, used 95068K [0x0000000617c00000, 0x0000000800000000)
  region size 4096K, 20 young (81920K), 1 survivors (4096K)
 Metaspace       used 11812K, committed 11968K, reserved 1114112K
  class space    used 1250K, committed 1344K, reserved 1048576K
}
Event: 121.606 GC heap after
{Heap after GC invocations=3 (full 0):
 garbage-first heap   total 512000K, used 16914K [0x0000000617c00000, 0x0000000800000000)
  region size 4096K, 3 young (12288K), 3 survivors (12288K)
 Metaspace       used 11812K, committed 11968K, reserved 1114112K
  class space    used 1250K, committed 1344K, reserved 1048576K
}
Event: 121.952 GC heap before
{Heap before GC invocations=3 (full 0):
 garbage-first heap   total 512000K, used 303634K [0x0000000617c00000, 0x0000000800000000)
  region size 4096K, 73 young (299008K), 3 survivors (12288K)
 Metaspace       used 13050K, committed 13248K, reserved 1114112K
  class space    used 1354K, committed 1472K, reserved 1048576K
}
Event: 121.960 GC heap after
{Heap after GC invocations=4 (full 0):
 garbage-first heap   total 512000K, used 49168K [0x0000000617c00000, 0x0000000800000000)
  region size 4096K, 10 young (40960K), 10 survivors (40960K)
 Metaspace       used 13050K, committed 13248K, reserved 1114112K
  class space    used 1354K, committed 1472K, reserved 1048576K
}
Event: 122.275 GC heap before
{Heap before GC invocations=4 (full 0):
 garbage-first heap   total 512000K, used 241680K [0x0000000617c00000, 0x0000000800000000)
  region size 4096K, 57 young (233472K), 10 survivors (40960K)
 Metaspace       used 13060K, committed 13248K, reserved 1114112K
  class space    used 1354K, committed 1472K, reserved 1048576K
}
Event: 122.282 GC heap after
{Heap after GC invocations=5 (full 0):
 garbage-first heap   total 512000K, used 71122K [0x0000000617c00000, 0x0000000800000000)
  region size 4096K, 6 young (24576K), 6 survivors (24576K)
 Metaspace       used 13060K, committed 13248K, reserved 1114112K
  class space    used 1354K, committed 1472K, reserved 1048576K
}
Event: 122.545 GC heap before
{Heap before GC invocations=5 (full 0):
 garbage-first heap   total 512000K, used 275922K [0x0000000617c00000, 0x0000000800000000)
  region size 4096K, 56 young (229376K), 6 survivors (24576K)
 Metaspace       used 13069K, committed 13248K, reserved 1114112K
  class space    used 1354K, committed 1472K, reserved 1048576K
}
Event: 122.549 GC heap after
{Heap after GC invocations=6 (full 0):
 garbage-first heap   total 512000K, used 85175K [0x0000000617c00000, 0x0000000800000000)
  region size 4096K, 4 young (16384K), 4 survivors (16384K)
 Metaspace       used 13069K, committed 13248K, reserved 1114112K
  class space    used 1354K, committed 1472K, reserved 1048576K
}
Event: 122.922 GC heap before
{Heap before GC invocations=6 (full 0):
 garbage-first heap   total 512000K, used 355511K [0x0000000617c00000, 0x0000000800000000)
  region size 4096K, 70 young (286720K), 4 survivors (16384K)
 Metaspace       used 13070K, committed 13248K, reserved 1114112K
  class space    used 1354K, committed 1472K, reserved 1048576K
}
Event: 122.926 GC heap after
{Heap after GC invocations=7 (full 0):
 garbage-first heap   total 512000K, used 102103K [0x0000000617c00000, 0x0000000800000000)
  region size 4096K, 8 young (32768K), 8 survivors (32768K)
 Metaspace       used 13070K, committed 13248K, reserved 1114112K
  class space    used 1354K, committed 1472K, reserved 1048576K
}
Event: 123.562 GC heap before
{Heap before GC invocations=7 (full 0):
 garbage-first heap   total 512000K, used 380631K [0x0000000617c00000, 0x0000000800000000)
  region size 4096K, 73 young (299008K), 8 survivors (32768K)
 Metaspace       used 13340K, committed 13632K, reserved 1114112K
  class space    used 1393K, committed 1536K, reserved 1048576K
}
Event: 123.570 GC heap after
{Heap after GC invocations=8 (full 0):
 garbage-first heap   total 614400K, used 114460K [0x0000000617c00000, 0x0000000800000000)
  region size 4096K, 8 young (32768K), 8 survivors (32768K)
 Metaspace       used 13340K, committed 13632K, reserved 1114112K
  class space    used 1393K, committed 1536K, reserved 1048576K
}

